2026-07-23 23:12:51,844 - --- FC Construction Initiated (3-Parameter Model) ---
2026-07-23 23:12:51,844 - Modes -> 1D Intervals: True | 2D Intervals: True
2026-07-23 23:12:51,844 - Strategy: SCIPY | Cores: 8 | Likelihood: BINNED
2026-07-23 23:12:52,793 - Executing 1D Parameter Scans...
2026-07-23 23:13:13,666 - Checkpoint successfully written mapping 1D parameter 1
2026-07-23 23:13:35,355 - Checkpoint successfully written mapping 1D parameter 2
2026-07-23 23:13:52,749 - Checkpoint successfully written mapping 1D parameter 3
2026-07-23 23:13:52,749 - Executing 2D Grid Scan mapping p1p2 (15x15)...
2026-07-23 23:13:52,749 - 2D Sparsification: Coarse array pass across 36 structural points...
2026-07-23 23:14:38,958 - 2D Sparsification: Boundary resolved. Integrating 106 exact refinement matrices...
2026-07-23 23:14:38,965 - Checkpoint successfully written mapping 2D sector p1p2
2026-07-23 23:14:38,965 - Executing 2D Grid Scan mapping p1p3 (15x15)...
2026-07-23 23:14:38,965 - 2D Sparsification: Coarse array pass across 36 structural points...
2026-07-23 23:15:21,468 - 2D Sparsification: Boundary resolved. Integrating 149 exact refinement matrices...
2026-07-23 23:15:21,472 - Checkpoint successfully written mapping 2D sector p1p3
2026-07-23 23:15:21,472 - Executing 2D Grid Scan mapping p2p3 (15x15)...
2026-07-23 23:15:21,472 - 2D Sparsification: Coarse array pass across 36 structural points...
2026-07-23 23:16:09,918 - 2D Sparsification: Boundary resolved. Integrating 136 exact refinement matrices...
2026-07-23 23:16:09,922 - Checkpoint successfully written mapping 2D sector p2p3
2026-07-23 23:16:09,932 - Results archived completely to storage matrix ../output/example_fc_output/fc_results.npz and JSON ../output/example_fc_output/fc_results.json
